2022-07-28 12:52:08.176 TRACE 11272 --- [http-nio-8080-exec-1] c.e.demo.controller.UserController       : This is trace.
2022-07-28 12:52:08.176 DEBUG 11272 --- [http-nio-8080-exec-1] c.e.demo.controller.UserController       : This is debug.
2022-07-28 12:52:08.176  INFO 11272 --- [http-nio-8080-exec-1] c.e.demo.controller.UserController       : This is info.
2022-07-28 12:52:08.176  WARN 11272 --- [http-nio-8080-exec-1] c.e.demo.controller.UserController       : This is warn.
2022-07-28 12:52:08.176 ERROR 11272 --- [http-nio-8080-exec-1] c.e.demo.controller.UserController       : This is error
2022-07-28 12:52:10.357 TRACE 11272 --- [http-nio-8080-exec-4] c.e.demo.controller.UserController       : This is trace.
2022-07-28 12:52:10.362 DEBUG 11272 --- [http-nio-8080-exec-4] c.e.demo.controller.UserController       : This is debug.
2022-07-28 12:52:10.362  INFO 11272 --- [http-nio-8080-exec-4] c.e.demo.controller.UserController       : This is info.
2022-07-28 12:52:10.362  WARN 11272 --- [http-nio-8080-exec-4] c.e.demo.controller.UserController       : This is warn.
2022-07-28 12:52:10.362 ERROR 11272 --- [http-nio-8080-exec-4] c.e.demo.controller.UserController       : This is error
2022-07-28 12:53:08.328 TRACE 1972 --- [http-nio-8080-exec-1] c.e.demo.controller.UserController       : This is trace.
2022-07-28 12:53:08.328 DEBUG 1972 --- [http-nio-8080-exec-1] c.e.demo.controller.UserController       : This is debug.
2022-07-28 12:53:08.328  INFO 1972 --- [http-nio-8080-exec-1] c.e.demo.controller.UserController       : This is info.
2022-07-28 12:53:08.328  WARN 1972 --- [http-nio-8080-exec-1] c.e.demo.controller.UserController       : This is warn.
2022-07-28 12:53:08.328 ERROR 1972 --- [http-nio-8080-exec-1] c.e.demo.controller.UserController       : This is error
2022-07-28 12:56:06.128  INFO 8540 --- [restartedMain] com.example.demo.DemoApplication         : Starting DemoApplication using Java 1.8.0_312 on Lenovo-LuLu with PID 8540 (C:\Users\LuLu\bit_github\Java\JavaSpring\springboot-logger\target\classes started by LuLu in C:\Users\LuLu\bit_github\Java\JavaSpring\springboot-logger)
2022-07-28 12:56:06.128  INFO 8540 --- [restartedMain] com.example.demo.DemoApplication         : No active profile set, falling back to 1 default profile: "default"
2022-07-28 12:56:06.175  INFO 8540 --- [restartedMain] .e.DevToolsPropertyDefaultsPostProcessor : Devtools property defaults active! Set 'spring.devtools.add-properties' to 'false' to disable
2022-07-28 12:56:06.175  INFO 8540 --- [restartedMain] .e.DevToolsPropertyDefaultsPostProcessor : For additional web related logging consider setting the 'logging.level.web' property to 'DEBUG'
2022-07-28 12:56:06.992  INFO 8540 --- [restartedMain] o.s.b.w.embedded.tomcat.TomcatWebServer  : Tomcat initialized with port(s): 8080 (http)
2022-07-28 12:56:07.008  INFO 8540 --- [restartedMain] o.apache.catalina.core.StandardService   : Starting service [Tomcat]
2022-07-28 12:56:07.008  INFO 8540 --- [restartedMain] org.apache.catalina.core.StandardEngine  : Starting Servlet engine: [Apache Tomcat/9.0.65]
2022-07-28 12:56:07.039  INFO 8540 --- [restartedMain] o.a.c.c.C.[Tomcat].[localhost].[/]       : Initializing Spring embedded WebApplicationContext
2022-07-28 12:56:07.039  INFO 8540 --- [restartedMain] w.s.c.ServletWebServerApplicationContext : Root WebApplicationContext: initialization completed in 864 ms
2022-07-28 12:56:07.243  INFO 8540 --- [restartedMain] o.s.b.d.a.OptionalLiveReloadServer       : LiveReload server is running on port 35729
2022-07-28 12:56:07.274  INFO 8540 --- [restartedMain] o.s.b.w.embedded.tomcat.TomcatWebServer  : Tomcat started on port(s): 8080 (http) with context path ''
2022-07-28 12:56:07.274  INFO 8540 --- [restartedMain] com.example.demo.DemoApplication         : Started DemoApplication in 1.407 seconds (JVM running for 1.69)
