2022-07-28 13:03:49.506  INFO 18436 --- [restartedMain] com.example.demo.DemoApplication         : Starting DemoApplication using Java 1.8.0_312 on Lenovo-LuLu with PID 18436 (C:\Users\LuLu\bit_github\Java\JavaSpring\springboot-logger\target\classes started by LuLu in C:\Users\LuLu\bit_github\Java\JavaSpring\springboot-logger)
2022-07-28 13:03:49.506  INFO 18436 --- [restartedMain] com.example.demo.DemoApplication         : No active profile set, falling back to 1 default profile: "default"
2022-07-28 13:03:49.538  INFO 18436 --- [restartedMain] .e.DevToolsPropertyDefaultsPostProcessor : Devtools property defaults active! Set 'spring.devtools.add-properties' to 'false' to disable
2022-07-28 13:03:49.550  INFO 18436 --- [restartedMain] .e.DevToolsPropertyDefaultsPostProcessor : For additional web related logging consider setting the 'logging.level.web' property to 'DEBUG'
2022-07-28 13:03:50.370  INFO 18436 --- [restartedMain] o.s.b.w.embedded.tomcat.TomcatWebServer  : Tomcat initialized with port(s): 8080 (http)
2022-07-28 13:03:50.386  INFO 18436 --- [restartedMain] o.apache.catalina.core.StandardService   : Starting service [Tomcat]
2022-07-28 13:03:50.386  INFO 18436 --- [restartedMain] org.apache.catalina.core.StandardEngine  : Starting Servlet engine: [Apache Tomcat/9.0.65]
2022-07-28 13:03:50.424  INFO 18436 --- [restartedMain] o.a.c.c.C.[Tomcat].[localhost].[/]       : Initializing Spring embedded WebApplicationContext
2022-07-28 13:03:50.424  INFO 18436 --- [restartedMain] w.s.c.ServletWebServerApplicationContext : Root WebApplicationContext: initialization completed in 874 ms
2022-07-28 13:03:50.637  INFO 18436 --- [restartedMain] o.s.b.d.a.OptionalLiveReloadServer       : LiveReload server is running on port 35729
2022-07-28 13:03:50.653  INFO 18436 --- [restartedMain] o.s.b.w.embedded.tomcat.TomcatWebServer  : Tomcat started on port(s): 8080 (http) with context path ''
2022-07-28 13:03:50.663  INFO 18436 --- [restartedMain] com.example.demo.DemoApplication         : Started DemoApplication in 1.42 seconds (JVM running for 1.707)
2022-07-28 13:03:57.005  INFO 18436 --- [http-nio-8080-exec-1] o.a.c.c.C.[Tomcat].[localhost].[/]       : Initializing Spring DispatcherServlet 'dispatcherServlet'
2022-07-28 13:03:57.005  INFO 18436 --- [http-nio-8080-exec-1] o.s.web.servlet.DispatcherServlet        : Initializing Servlet 'dispatcherServlet'
2022-07-28 13:03:57.005  INFO 18436 --- [http-nio-8080-exec-1] o.s.web.servlet.DispatcherServlet        : Completed initialization in 0 ms
2022-07-28 13:03:57.021  INFO 18436 --- [http-nio-8080-exec-1] c.e.demo.controller.UserController       : This is info.
2022-07-28 13:03:57.021  WARN 18436 --- [http-nio-8080-exec-1] c.e.demo.controller.UserController       : This is warn.
2022-07-28 13:03:57.021 ERROR 18436 --- [http-nio-8080-exec-1] c.e.demo.controller.UserController       : This is error
2022-07-28 13:04:47.886  INFO 14380 --- [restartedMain] com.example.demo.DemoApplication         : Starting DemoApplication using Java 1.8.0_312 on Lenovo-LuLu with PID 14380 (C:\Users\LuLu\bit_github\Java\JavaSpring\springboot-logger\target\classes started by LuLu in C:\Users\LuLu\bit_github\Java\JavaSpring\springboot-logger)
2022-07-28 13:04:47.886  INFO 14380 --- [restartedMain] com.example.demo.DemoApplication         : No active profile set, falling back to 1 default profile: "default"
2022-07-28 13:04:47.918  INFO 14380 --- [restartedMain] .e.DevToolsPropertyDefaultsPostProcessor : Devtools property defaults active! Set 'spring.devtools.add-properties' to 'false' to disable
2022-07-28 13:04:47.918  INFO 14380 --- [restartedMain] .e.DevToolsPropertyDefaultsPostProcessor : For additional web related logging consider setting the 'logging.level.web' property to 'DEBUG'
2022-07-28 13:04:48.734  INFO 14380 --- [restartedMain] o.s.b.w.embedded.tomcat.TomcatWebServer  : Tomcat initialized with port(s): 8080 (http)
2022-07-28 13:04:48.750  INFO 14380 --- [restartedMain] o.apache.catalina.core.StandardService   : Starting service [Tomcat]
2022-07-28 13:04:48.750  INFO 14380 --- [restartedMain] org.apache.catalina.core.StandardEngine  : Starting Servlet engine: [Apache Tomcat/9.0.65]
2022-07-28 13:04:48.781  INFO 14380 --- [restartedMain] o.a.c.c.C.[Tomcat].[localhost].[/]       : Initializing Spring embedded WebApplicationContext
2022-07-28 13:04:48.781  INFO 14380 --- [restartedMain] w.s.c.ServletWebServerApplicationContext : Root WebApplicationContext: initialization completed in 863 ms
2022-07-28 13:04:49.001  INFO 14380 --- [restartedMain] o.s.b.d.a.OptionalLiveReloadServer       : LiveReload server is running on port 35729
2022-07-28 13:04:49.016  INFO 14380 --- [restartedMain] o.s.b.w.embedded.tomcat.TomcatWebServer  : Tomcat started on port(s): 8080 (http) with context path ''
2022-07-28 13:04:49.016  INFO 14380 --- [restartedMain] com.example.demo.DemoApplication         : Started DemoApplication in 1.405 seconds (JVM running for 1.688)
2022-07-28 13:48:35.631  INFO 18716 --- [restartedMain] com.example.demo.DemoApplication         : Starting DemoApplication using Java 1.8.0_312 on Lenovo-LuLu with PID 18716 (C:\Users\LuLu\bit_github\Java\JavaSpring\springboot-log\target\classes started by LuLu in C:\Users\LuLu\bit_github\Java\JavaSpring\springboot-log)
2022-07-28 13:48:35.631  INFO 18716 --- [restartedMain] com.example.demo.DemoApplication         : No active profile set, falling back to 1 default profile: "default"
2022-07-28 13:48:35.662  INFO 18716 --- [restartedMain] .e.DevToolsPropertyDefaultsPostProcessor : Devtools property defaults active! Set 'spring.devtools.add-properties' to 'false' to disable
2022-07-28 13:48:35.662  INFO 18716 --- [restartedMain] .e.DevToolsPropertyDefaultsPostProcessor : For additional web related logging consider setting the 'logging.level.web' property to 'DEBUG'
2022-07-28 13:48:36.542  INFO 18716 --- [restartedMain] o.s.b.w.embedded.tomcat.TomcatWebServer  : Tomcat initialized with port(s): 8080 (http)
2022-07-28 13:48:36.557  INFO 18716 --- [restartedMain] o.apache.catalina.core.StandardService   : Starting service [Tomcat]
2022-07-28 13:48:36.557  INFO 18716 --- [restartedMain] org.apache.catalina.core.StandardEngine  : Starting Servlet engine: [Apache Tomcat/9.0.65]
2022-07-28 13:48:36.594  INFO 18716 --- [restartedMain] o.a.c.c.C.[Tomcat].[localhost].[/]       : Initializing Spring embedded WebApplicationContext
2022-07-28 13:48:36.594  INFO 18716 --- [restartedMain] w.s.c.ServletWebServerApplicationContext : Root WebApplicationContext: initialization completed in 932 ms
2022-07-28 13:48:36.840  INFO 18716 --- [restartedMain] o.s.b.d.a.OptionalLiveReloadServer       : LiveReload server is running on port 35729
2022-07-28 13:48:36.856  INFO 18716 --- [restartedMain] o.s.b.w.embedded.tomcat.TomcatWebServer  : Tomcat started on port(s): 8080 (http) with context path ''
2022-07-28 13:48:36.872  INFO 18716 --- [restartedMain] com.example.demo.DemoApplication         : Started DemoApplication in 1.587 seconds (JVM running for 1.962)
